[2024-07-23T16:56:20.704+0000] {manager.py:470} INFO - Processing files using up to 2 processes at a time 
[2024-07-23T16:56:20.705+0000] {manager.py:471} INFO - Process each file at most once every 30 seconds
[2024-07-23T16:56:20.706+0000] {manager.py:472} INFO - Checking for new files in /opt/airflow/dags every 300 seconds
[2024-07-23T16:56:20.707+0000] {manager.py:737} INFO - Searching for files in /opt/airflow/dags
[2024-07-23T16:56:20.720+0000] {manager.py:740} INFO - There are 0 files in /opt/airflow/dags
[2024-07-23T16:57:25.813+0000] {manager.py:452} INFO - Exiting gracefully upon receiving signal 15
[2024-07-23T16:58:20.119+0000] {manager.py:470} INFO - Processing files using up to 2 processes at a time 
[2024-07-23T16:58:20.121+0000] {manager.py:471} INFO - Process each file at most once every 30 seconds
[2024-07-23T16:58:20.123+0000] {manager.py:472} INFO - Checking for new files in /opt/airflow/dags every 300 seconds
[2024-07-23T16:58:20.125+0000] {manager.py:737} INFO - Searching for files in /opt/airflow/dags
[2024-07-23T16:58:20.156+0000] {manager.py:740} INFO - There are 0 files in /opt/airflow/dags
[2024-07-23T17:00:14.583+0000] {manager.py:452} INFO - Exiting gracefully upon receiving signal 15
[2024-07-23T17:01:51.213+0000] {manager.py:470} INFO - Processing files using up to 2 processes at a time 
[2024-07-23T17:01:51.216+0000] {manager.py:471} INFO - Process each file at most once every 30 seconds
[2024-07-23T17:01:51.218+0000] {manager.py:472} INFO - Checking for new files in /opt/airflow/dags every 300 seconds
[2024-07-23T17:01:51.219+0000] {manager.py:737} INFO - Searching for files in /opt/airflow/dags
[2024-07-23T17:01:51.240+0000] {manager.py:740} INFO - There are 0 files in /opt/airflow/dags
[2024-07-23T17:06:51.747+0000] {manager.py:737} INFO - Searching for files in /opt/airflow/dags
[2024-07-23T17:06:51.769+0000] {manager.py:740} INFO - There are 0 files in /opt/airflow/dags
[2024-07-23T17:09:00.310+0000] {manager.py:452} INFO - Exiting gracefully upon receiving signal 15
[2024-07-23T17:10:00.354+0000] {manager.py:470} INFO - Processing files using up to 2 processes at a time 
[2024-07-23T17:10:00.357+0000] {manager.py:471} INFO - Process each file at most once every 30 seconds
[2024-07-23T17:10:00.358+0000] {manager.py:472} INFO - Checking for new files in /opt/airflow/dags every 300 seconds
[2024-07-23T17:10:00.361+0000] {manager.py:737} INFO - Searching for files in /opt/airflow/dags
[2024-07-23T17:10:00.385+0000] {manager.py:740} INFO - There are 0 files in /opt/airflow/dags
[2024-07-23T17:11:29.583+0000] {manager.py:452} INFO - Exiting gracefully upon receiving signal 15
[2024-07-23T17:12:24.676+0000] {manager.py:470} INFO - Processing files using up to 2 processes at a time 
[2024-07-23T17:12:24.678+0000] {manager.py:471} INFO - Process each file at most once every 30 seconds
[2024-07-23T17:12:24.680+0000] {manager.py:472} INFO - Checking for new files in /opt/airflow/dags every 300 seconds
[2024-07-23T17:12:24.681+0000] {manager.py:737} INFO - Searching for files in /opt/airflow/dags
[2024-07-23T17:12:24.701+0000] {manager.py:740} INFO - There are 0 files in /opt/airflow/dags
[2024-07-23T17:17:25.316+0000] {manager.py:737} INFO - Searching for files in /opt/airflow/dags
[2024-07-23T17:17:25.336+0000] {manager.py:740} INFO - There are 0 files in /opt/airflow/dags
[2024-07-23T17:22:25.909+0000] {manager.py:737} INFO - Searching for files in /opt/airflow/dags
[2024-07-23T17:22:25.925+0000] {manager.py:740} INFO - There are 0 files in /opt/airflow/dags
[2024-07-23T17:27:26.478+0000] {manager.py:737} INFO - Searching for files in /opt/airflow/dags
[2024-07-23T17:27:26.505+0000] {manager.py:740} INFO - There are 1 files in /opt/airflow/dags
[2024-07-23T17:27:29.623+0000] {manager.py:878} INFO - 
================================================================================
DAG File Processing Stats

File Path                        PID    Runtime      # DAGs    # Errors  Last Runtime    Last Run
-------------------------------  -----  ---------  --------  ----------  --------------  -------------------
/opt/airflow/dags/dag_script.py                           0           1  0.08s           2024-07-23T17:27:27
================================================================================
[2024-07-23T17:27:59.943+0000] {manager.py:878} INFO - 
================================================================================
DAG File Processing Stats

File Path                        PID    Runtime      # DAGs    # Errors  Last Runtime    Last Run
-------------------------------  -----  ---------  --------  ----------  --------------  -------------------
/opt/airflow/dags/dag_script.py                           0           1  2.11s           2024-07-23T17:27:40
================================================================================
[2024-07-23T17:28:30.046+0000] {manager.py:878} INFO - 
================================================================================
DAG File Processing Stats

File Path                        PID    Runtime      # DAGs    # Errors  Last Runtime    Last Run
-------------------------------  -----  ---------  --------  ----------  --------------  -------------------
/opt/airflow/dags/dag_script.py                           0           1  0.46s           2024-07-23T17:28:15
================================================================================
[2024-07-23T17:29:00.257+0000] {manager.py:878} INFO - 
================================================================================
DAG File Processing Stats

File Path                        PID    Runtime      # DAGs    # Errors  Last Runtime    Last Run
-------------------------------  -----  ---------  --------  ----------  --------------  -------------------
/opt/airflow/dags/dag_script.py                           0           1  0.39s           2024-07-23T17:28:46
================================================================================
[2024-07-23T17:29:30.505+0000] {manager.py:878} INFO - 
================================================================================
DAG File Processing Stats

File Path                        PID    Runtime      # DAGs    # Errors  Last Runtime    Last Run
-------------------------------  -----  ---------  --------  ----------  --------------  -------------------
/opt/airflow/dags/dag_script.py                           0           1  0.88s           2024-07-23T17:29:17
================================================================================
[2024-07-23T17:30:01.035+0000] {manager.py:878} INFO - 
================================================================================
DAG File Processing Stats

File Path                        PID    Runtime      # DAGs    # Errors  Last Runtime    Last Run
-------------------------------  -----  ---------  --------  ----------  --------------  -------------------
/opt/airflow/dags/dag_script.py                           0           1  0.42s           2024-07-23T17:29:48
================================================================================
[2024-07-23T17:30:31.137+0000] {manager.py:878} INFO - 
================================================================================
DAG File Processing Stats

File Path                        PID    Runtime      # DAGs    # Errors  Last Runtime    Last Run
-------------------------------  -----  ---------  --------  ----------  --------------  -------------------
/opt/airflow/dags/dag_script.py                           1           0  1.55s           2024-07-23T17:30:29
================================================================================
[2024-07-23T17:31:01.737+0000] {manager.py:878} INFO - 
================================================================================
DAG File Processing Stats

File Path                        PID    Runtime      # DAGs    # Errors  Last Runtime    Last Run
-------------------------------  -----  ---------  --------  ----------  --------------  -------------------
/opt/airflow/dags/dag_script.py                           1           0  0.44s           2024-07-23T17:30:59
================================================================================
[2024-07-23T17:31:31.894+0000] {manager.py:878} INFO - 
================================================================================
DAG File Processing Stats

File Path                        PID    Runtime      # DAGs    # Errors  Last Runtime    Last Run
-------------------------------  -----  ---------  --------  ----------  --------------  -------------------
/opt/airflow/dags/dag_script.py                           0           1  0.43s           2024-07-23T17:31:28
================================================================================
[2024-07-23T17:32:01.970+0000] {manager.py:878} INFO - 
================================================================================
DAG File Processing Stats

File Path                        PID    Runtime      # DAGs    # Errors  Last Runtime    Last Run
-------------------------------  -----  ---------  --------  ----------  --------------  -------------------
/opt/airflow/dags/dag_script.py                           0           1  0.42s           2024-07-23T17:31:58
================================================================================
[2024-07-23T17:32:26.626+0000] {manager.py:737} INFO - Searching for files in /opt/airflow/dags
[2024-07-23T17:32:26.658+0000] {manager.py:740} INFO - There are 1 files in /opt/airflow/dags
[2024-07-23T17:32:32.042+0000] {manager.py:878} INFO - 
================================================================================
DAG File Processing Stats

File Path                        PID    Runtime      # DAGs    # Errors  Last Runtime    Last Run
-------------------------------  -----  ---------  --------  ----------  --------------  -------------------
/opt/airflow/dags/dag_script.py                           0           1  0.40s           2024-07-23T17:32:21
================================================================================
[2024-07-23T17:33:02.672+0000] {manager.py:878} INFO - 
================================================================================
DAG File Processing Stats

File Path                        PID    Runtime      # DAGs    # Errors  Last Runtime    Last Run
-------------------------------  -----  ---------  --------  ----------  --------------  -------------------
/opt/airflow/dags/dag_script.py                           0           1  0.39s           2024-07-23T17:32:56
================================================================================
[2024-07-23T17:33:33.150+0000] {manager.py:878} INFO - 
================================================================================
DAG File Processing Stats

File Path                        PID    Runtime      # DAGs    # Errors  Last Runtime    Last Run
-------------------------------  -----  ---------  --------  ----------  --------------  -------------------
/opt/airflow/dags/dag_script.py                           0           1  1.65s           2024-07-23T17:33:17
================================================================================
[2024-07-23T17:34:03.385+0000] {manager.py:878} INFO - 
================================================================================
DAG File Processing Stats

File Path                          PID  Runtime      # DAGs    # Errors  Last Runtime    Last Run
-------------------------------  -----  ---------  --------  ----------  --------------  -------------------
/opt/airflow/dags/dag_script.py    650  0.00s             0           1  0.37s           2024-07-23T17:33:48
================================================================================
[2024-07-23T17:34:33.532+0000] {manager.py:878} INFO - 
================================================================================
DAG File Processing Stats

File Path                        PID    Runtime      # DAGs    # Errors  Last Runtime    Last Run
-------------------------------  -----  ---------  --------  ----------  --------------  -------------------
/opt/airflow/dags/dag_script.py                           0           1  0.51s           2024-07-23T17:34:18
================================================================================
[2024-07-23T17:35:03.602+0000] {manager.py:878} INFO - 
================================================================================
DAG File Processing Stats

File Path                        PID    Runtime      # DAGs    # Errors  Last Runtime    Last Run
-------------------------------  -----  ---------  --------  ----------  --------------  -------------------
/opt/airflow/dags/dag_script.py                           0           1  0.10s           2024-07-23T17:34:48
================================================================================
[2024-07-23T17:35:34.164+0000] {manager.py:878} INFO - 
================================================================================
DAG File Processing Stats

File Path                        PID    Runtime      # DAGs    # Errors  Last Runtime    Last Run
-------------------------------  -----  ---------  --------  ----------  --------------  -------------------
/opt/airflow/dags/dag_script.py                           0           1  0.44s           2024-07-23T17:35:20
================================================================================
[2024-07-23T17:36:04.766+0000] {manager.py:878} INFO - 
================================================================================
DAG File Processing Stats

File Path                        PID    Runtime      # DAGs    # Errors  Last Runtime    Last Run
-------------------------------  -----  ---------  --------  ----------  --------------  -------------------
/opt/airflow/dags/dag_script.py                           0           1  0.09s           2024-07-23T17:35:50
================================================================================
[2024-07-23T17:36:35.125+0000] {manager.py:878} INFO - 
================================================================================
DAG File Processing Stats

File Path                        PID    Runtime      # DAGs    # Errors  Last Runtime    Last Run
-------------------------------  -----  ---------  --------  ----------  --------------  -------------------
/opt/airflow/dags/dag_script.py                           1           0  0.70s           2024-07-23T17:36:33
================================================================================
[2024-07-23T17:37:05.342+0000] {manager.py:878} INFO - 
================================================================================
DAG File Processing Stats

File Path                        PID    Runtime      # DAGs    # Errors  Last Runtime    Last Run
-------------------------------  -----  ---------  --------  ----------  --------------  -------------------
/opt/airflow/dags/dag_script.py                           1           0  0.15s           2024-07-23T17:37:03
================================================================================
[2024-07-23T17:37:27.508+0000] {manager.py:737} INFO - Searching for files in /opt/airflow/dags
[2024-07-23T17:37:27.545+0000] {manager.py:740} INFO - There are 1 files in /opt/airflow/dags
[2024-07-23T17:37:35.663+0000] {manager.py:878} INFO - 
================================================================================
DAG File Processing Stats

File Path                        PID    Runtime      # DAGs    # Errors  Last Runtime    Last Run
-------------------------------  -----  ---------  --------  ----------  --------------  -------------------
/opt/airflow/dags/dag_script.py                           1           0  0.14s           2024-07-23T17:37:33
================================================================================
[2024-07-23T17:38:06.181+0000] {manager.py:878} INFO - 
================================================================================
DAG File Processing Stats

File Path                        PID    Runtime      # DAGs    # Errors  Last Runtime    Last Run
-------------------------------  -----  ---------  --------  ----------  --------------  -------------------
/opt/airflow/dags/dag_script.py                           1           0  0.25s           2024-07-23T17:37:46
================================================================================
[2024-07-23T17:38:37.066+0000] {manager.py:878} INFO - 
================================================================================
DAG File Processing Stats

File Path                        PID    Runtime      # DAGs    # Errors  Last Runtime    Last Run
-------------------------------  -----  ---------  --------  ----------  --------------  -------------------
/opt/airflow/dags/dag_script.py                           1           0  0.24s           2024-07-23T17:38:32
================================================================================
[2024-07-23T17:39:07.418+0000] {manager.py:878} INFO - 
================================================================================
DAG File Processing Stats

File Path                        PID    Runtime      # DAGs    # Errors  Last Runtime    Last Run
-------------------------------  -----  ---------  --------  ----------  --------------  -------------------
/opt/airflow/dags/dag_script.py                           1           0  0.22s           2024-07-23T17:38:50
================================================================================
[2024-07-23T17:39:37.681+0000] {manager.py:878} INFO - 
================================================================================
DAG File Processing Stats

File Path                        PID    Runtime      # DAGs    # Errors  Last Runtime    Last Run
-------------------------------  -----  ---------  --------  ----------  --------------  -------------------
/opt/airflow/dags/dag_script.py                           1           0  0.30s           2024-07-23T17:39:20
================================================================================
[2024-07-23T17:40:08.131+0000] {manager.py:878} INFO - 
================================================================================
DAG File Processing Stats

File Path                        PID    Runtime      # DAGs    # Errors  Last Runtime    Last Run
-------------------------------  -----  ---------  --------  ----------  --------------  -------------------
/opt/airflow/dags/dag_script.py                           1           0  0.13s           2024-07-23T17:39:51
================================================================================
[2024-07-23T17:40:38.474+0000] {manager.py:878} INFO - 
================================================================================
DAG File Processing Stats

File Path                        PID    Runtime      # DAGs    # Errors  Last Runtime    Last Run
-------------------------------  -----  ---------  --------  ----------  --------------  -------------------
/opt/airflow/dags/dag_script.py                           1           0  0.15s           2024-07-23T17:40:21
================================================================================
[2024-07-23T17:41:08.710+0000] {manager.py:878} INFO - 
================================================================================
DAG File Processing Stats

File Path                        PID    Runtime      # DAGs    # Errors  Last Runtime    Last Run
-------------------------------  -----  ---------  --------  ----------  --------------  -------------------
/opt/airflow/dags/dag_script.py                           1           0  0.14s           2024-07-23T17:40:51
================================================================================
[2024-07-23T17:41:39.051+0000] {manager.py:878} INFO - 
================================================================================
DAG File Processing Stats

File Path                        PID    Runtime      # DAGs    # Errors  Last Runtime    Last Run
-------------------------------  -----  ---------  --------  ----------  --------------  -------------------
/opt/airflow/dags/dag_script.py                           1           0  0.12s           2024-07-23T17:41:21
================================================================================
[2024-07-23T17:42:09.308+0000] {manager.py:878} INFO - 
================================================================================
DAG File Processing Stats

File Path                        PID    Runtime      # DAGs    # Errors  Last Runtime    Last Run
-------------------------------  -----  ---------  --------  ----------  --------------  -------------------
/opt/airflow/dags/dag_script.py                           1           0  0.13s           2024-07-23T17:41:52
================================================================================
[2024-07-23T17:42:27.524+0000] {manager.py:737} INFO - Searching for files in /opt/airflow/dags
[2024-07-23T17:42:27.553+0000] {manager.py:740} INFO - There are 1 files in /opt/airflow/dags
[2024-07-23T17:42:39.665+0000] {manager.py:878} INFO - 
================================================================================
DAG File Processing Stats

File Path                        PID    Runtime      # DAGs    # Errors  Last Runtime    Last Run
-------------------------------  -----  ---------  --------  ----------  --------------  -------------------
/opt/airflow/dags/dag_script.py                           1           0  0.14s           2024-07-23T17:42:22
================================================================================
[2024-07-23T17:43:09.894+0000] {manager.py:878} INFO - 
================================================================================
DAG File Processing Stats

File Path                        PID    Runtime      # DAGs    # Errors  Last Runtime    Last Run
-------------------------------  -----  ---------  --------  ----------  --------------  -------------------
/opt/airflow/dags/dag_script.py                           1           0  0.14s           2024-07-23T17:42:52
================================================================================
[2024-07-23T17:43:40.224+0000] {manager.py:878} INFO - 
================================================================================
DAG File Processing Stats

File Path                        PID    Runtime      # DAGs    # Errors  Last Runtime    Last Run
-------------------------------  -----  ---------  --------  ----------  --------------  -------------------
/opt/airflow/dags/dag_script.py                           1           0  0.16s           2024-07-23T17:43:23
================================================================================
[2024-07-23T17:44:10.437+0000] {manager.py:878} INFO - 
================================================================================
DAG File Processing Stats

File Path                        PID    Runtime      # DAGs    # Errors  Last Runtime    Last Run
-------------------------------  -----  ---------  --------  ----------  --------------  -------------------
/opt/airflow/dags/dag_script.py                           1           0  0.14s           2024-07-23T17:43:53
================================================================================
[2024-07-23T17:44:40.740+0000] {manager.py:878} INFO - 
================================================================================
DAG File Processing Stats

File Path                        PID    Runtime      # DAGs    # Errors  Last Runtime    Last Run
-------------------------------  -----  ---------  --------  ----------  --------------  -------------------
/opt/airflow/dags/dag_script.py                           1           0  0.14s           2024-07-23T17:44:23
================================================================================
[2024-07-23T17:45:10.964+0000] {manager.py:878} INFO - 
================================================================================
DAG File Processing Stats

File Path                        PID    Runtime      # DAGs    # Errors  Last Runtime    Last Run
-------------------------------  -----  ---------  --------  ----------  --------------  -------------------
/opt/airflow/dags/dag_script.py                           1           0  0.12s           2024-07-23T17:44:53
================================================================================
[2024-07-23T17:45:41.304+0000] {manager.py:878} INFO - 
================================================================================
DAG File Processing Stats

File Path                        PID    Runtime      # DAGs    # Errors  Last Runtime    Last Run
-------------------------------  -----  ---------  --------  ----------  --------------  -------------------
/opt/airflow/dags/dag_script.py                           1           0  0.18s           2024-07-23T17:45:24
================================================================================
[2024-07-23T17:46:11.687+0000] {manager.py:878} INFO - 
================================================================================
DAG File Processing Stats

File Path                        PID    Runtime      # DAGs    # Errors  Last Runtime    Last Run
-------------------------------  -----  ---------  --------  ----------  --------------  -------------------
/opt/airflow/dags/dag_script.py                           1           0  0.21s           2024-07-23T17:45:54
================================================================================
[2024-07-23T17:46:41.986+0000] {manager.py:878} INFO - 
================================================================================
DAG File Processing Stats

File Path                        PID    Runtime      # DAGs    # Errors  Last Runtime    Last Run
-------------------------------  -----  ---------  --------  ----------  --------------  -------------------
/opt/airflow/dags/dag_script.py                           1           0  0.14s           2024-07-23T17:46:24
================================================================================
[2024-07-23T17:47:12.294+0000] {manager.py:878} INFO - 
================================================================================
DAG File Processing Stats

File Path                        PID    Runtime      # DAGs    # Errors  Last Runtime    Last Run
-------------------------------  -----  ---------  --------  ----------  --------------  -------------------
/opt/airflow/dags/dag_script.py                           1           0  0.25s           2024-07-23T17:46:55
================================================================================
[2024-07-23T17:47:27.577+0000] {manager.py:737} INFO - Searching for files in /opt/airflow/dags
[2024-07-23T17:47:27.600+0000] {manager.py:740} INFO - There are 1 files in /opt/airflow/dags
[2024-07-23T17:47:42.721+0000] {manager.py:878} INFO - 
================================================================================
DAG File Processing Stats

File Path                        PID    Runtime      # DAGs    # Errors  Last Runtime    Last Run
-------------------------------  -----  ---------  --------  ----------  --------------  -------------------
/opt/airflow/dags/dag_script.py                           1           0  0.29s           2024-07-23T17:47:25
================================================================================
[2024-07-23T17:48:13.006+0000] {manager.py:878} INFO - 
================================================================================
DAG File Processing Stats

File Path                        PID    Runtime      # DAGs    # Errors  Last Runtime    Last Run
-------------------------------  -----  ---------  --------  ----------  --------------  -------------------
/opt/airflow/dags/dag_script.py                           1           0  0.13s           2024-07-23T17:47:55
================================================================================
[2024-07-23T17:48:43.249+0000] {manager.py:878} INFO - 
================================================================================
DAG File Processing Stats

File Path                        PID    Runtime      # DAGs    # Errors  Last Runtime    Last Run
-------------------------------  -----  ---------  --------  ----------  --------------  -------------------
/opt/airflow/dags/dag_script.py                           1           0  0.14s           2024-07-23T17:48:26
================================================================================
[2024-07-23T17:49:13.545+0000] {manager.py:878} INFO - 
================================================================================
DAG File Processing Stats

File Path                        PID    Runtime      # DAGs    # Errors  Last Runtime    Last Run
-------------------------------  -----  ---------  --------  ----------  --------------  -------------------
/opt/airflow/dags/dag_script.py                           1           0  0.16s           2024-07-23T17:48:56
================================================================================
[2024-07-23T17:49:43.816+0000] {manager.py:878} INFO - 
================================================================================
DAG File Processing Stats

File Path                        PID    Runtime      # DAGs    # Errors  Last Runtime    Last Run
-------------------------------  -----  ---------  --------  ----------  --------------  -------------------
/opt/airflow/dags/dag_script.py                           1           0  0.14s           2024-07-23T17:49:26
================================================================================
[2024-07-23T17:50:14.096+0000] {manager.py:878} INFO - 
================================================================================
DAG File Processing Stats

File Path                        PID    Runtime      # DAGs    # Errors  Last Runtime    Last Run
-------------------------------  -----  ---------  --------  ----------  --------------  -------------------
/opt/airflow/dags/dag_script.py                           1           0  0.14s           2024-07-23T17:49:57
================================================================================
[2024-07-23T17:50:44.361+0000] {manager.py:878} INFO - 
================================================================================
DAG File Processing Stats

File Path                        PID    Runtime      # DAGs    # Errors  Last Runtime    Last Run
-------------------------------  -----  ---------  --------  ----------  --------------  -------------------
/opt/airflow/dags/dag_script.py                           1           0  0.13s           2024-07-23T17:50:27
================================================================================
[2024-07-23T17:51:14.626+0000] {manager.py:878} INFO - 
================================================================================
DAG File Processing Stats

File Path                        PID    Runtime      # DAGs    # Errors  Last Runtime    Last Run
-------------------------------  -----  ---------  --------  ----------  --------------  -------------------
/opt/airflow/dags/dag_script.py                           1           0  0.14s           2024-07-23T17:50:57
================================================================================
[2024-07-23T17:51:44.914+0000] {manager.py:878} INFO - 
================================================================================
DAG File Processing Stats

File Path                        PID    Runtime      # DAGs    # Errors  Last Runtime    Last Run
-------------------------------  -----  ---------  --------  ----------  --------------  -------------------
/opt/airflow/dags/dag_script.py                           1           0  0.12s           2024-07-23T17:51:27
================================================================================
[2024-07-23T17:52:15.159+0000] {manager.py:878} INFO - 
================================================================================
DAG File Processing Stats

File Path                        PID    Runtime      # DAGs    # Errors  Last Runtime    Last Run
-------------------------------  -----  ---------  --------  ----------  --------------  -------------------
/opt/airflow/dags/dag_script.py                           1           0  0.15s           2024-07-23T17:51:58
================================================================================
[2024-07-23T17:52:28.285+0000] {manager.py:737} INFO - Searching for files in /opt/airflow/dags
[2024-07-23T17:52:28.321+0000] {manager.py:740} INFO - There are 1 files in /opt/airflow/dags
[2024-07-23T17:52:45.557+0000] {manager.py:878} INFO - 
================================================================================
DAG File Processing Stats

File Path                        PID    Runtime      # DAGs    # Errors  Last Runtime    Last Run
-------------------------------  -----  ---------  --------  ----------  --------------  -------------------
/opt/airflow/dags/dag_script.py                           1           0  0.23s           2024-07-23T17:52:28
================================================================================
[2024-07-23T17:53:15.933+0000] {manager.py:878} INFO - 
================================================================================
DAG File Processing Stats

File Path                        PID    Runtime      # DAGs    # Errors  Last Runtime    Last Run
-------------------------------  -----  ---------  --------  ----------  --------------  -------------------
/opt/airflow/dags/dag_script.py                           1           0  0.17s           2024-07-23T17:52:58
================================================================================
[2024-07-23T17:53:46.279+0000] {manager.py:878} INFO - 
================================================================================
DAG File Processing Stats

File Path                        PID    Runtime      # DAGs    # Errors  Last Runtime    Last Run
-------------------------------  -----  ---------  --------  ----------  --------------  -------------------
/opt/airflow/dags/dag_script.py                           1           0  0.20s           2024-07-23T17:53:29
================================================================================
[2024-07-23T17:54:16.705+0000] {manager.py:878} INFO - 
================================================================================
DAG File Processing Stats

File Path                        PID    Runtime      # DAGs    # Errors  Last Runtime    Last Run
-------------------------------  -----  ---------  --------  ----------  --------------  -------------------
/opt/airflow/dags/dag_script.py                           1           0  0.18s           2024-07-23T17:53:59
================================================================================
[2024-07-23T17:54:47.022+0000] {manager.py:878} INFO - 
================================================================================
DAG File Processing Stats

File Path                        PID    Runtime      # DAGs    # Errors  Last Runtime    Last Run
-------------------------------  -----  ---------  --------  ----------  --------------  -------------------
/opt/airflow/dags/dag_script.py                           1           0  0.20s           2024-07-23T17:54:30
================================================================================
[2024-07-23T17:55:17.497+0000] {manager.py:878} INFO - 
================================================================================
DAG File Processing Stats

File Path                        PID    Runtime      # DAGs    # Errors  Last Runtime    Last Run
-------------------------------  -----  ---------  --------  ----------  --------------  -------------------
/opt/airflow/dags/dag_script.py                           1           0  0.19s           2024-07-23T17:55:00
================================================================================
[2024-07-23T17:55:47.801+0000] {manager.py:878} INFO - 
================================================================================
DAG File Processing Stats

File Path                        PID    Runtime      # DAGs    # Errors  Last Runtime    Last Run
-------------------------------  -----  ---------  --------  ----------  --------------  -------------------
/opt/airflow/dags/dag_script.py                           1           0  0.17s           2024-07-23T17:55:30
================================================================================
[2024-07-23T17:56:18.243+0000] {manager.py:878} INFO - 
================================================================================
DAG File Processing Stats

File Path                        PID    Runtime      # DAGs    # Errors  Last Runtime    Last Run
-------------------------------  -----  ---------  --------  ----------  --------------  -------------------
/opt/airflow/dags/dag_script.py                           1           0  0.19s           2024-07-23T17:56:01
================================================================================
[2024-07-23T18:12:11.016+0000] {manager.py:737} INFO - Searching for files in /opt/airflow/dags
[2024-07-23T18:12:11.979+0000] {manager.py:740} INFO - There are 1 files in /opt/airflow/dags
[2024-07-23T18:12:21.824+0000] {manager.py:878} INFO - 
================================================================================
DAG File Processing Stats

File Path                        PID    Runtime      # DAGs    # Errors  Last Runtime    Last Run
-------------------------------  -----  ---------  --------  ----------  --------------  -------------------
/opt/airflow/dags/dag_script.py                           1           0  0.66s           2024-07-23T18:12:12
================================================================================
[2024-07-23T18:12:52.537+0000] {manager.py:878} INFO - 
================================================================================
DAG File Processing Stats

File Path                        PID    Runtime      # DAGs    # Errors  Last Runtime    Last Run
-------------------------------  -----  ---------  --------  ----------  --------------  -------------------
/opt/airflow/dags/dag_script.py                           1           0  0.50s           2024-07-23T18:12:43
================================================================================
[2024-07-23T18:13:27.312+0000] {manager.py:452} INFO - Exiting gracefully upon receiving signal 15
[2024-07-23T19:03:35.729+0000] {manager.py:470} INFO - Processing files using up to 2 processes at a time 
[2024-07-23T19:03:35.730+0000] {manager.py:471} INFO - Process each file at most once every 30 seconds
[2024-07-23T19:03:35.732+0000] {manager.py:472} INFO - Checking for new files in /opt/airflow/dags every 300 seconds
[2024-07-23T19:03:35.733+0000] {manager.py:737} INFO - Searching for files in /opt/airflow/dags
[2024-07-23T19:03:35.768+0000] {manager.py:740} INFO - There are 1 files in /opt/airflow/dags
[2024-07-23T19:03:35.897+0000] {manager.py:878} INFO - 
================================================================================
DAG File Processing Stats

File Path                          PID  Runtime      # DAGs    # Errors  Last Runtime    Last Run
-------------------------------  -----  ---------  --------  ----------  --------------  ----------
/opt/airflow/dags/dag_script.py    168  0.07s             0           0
================================================================================
[2024-07-23T19:04:06.166+0000] {manager.py:878} INFO - 
================================================================================
DAG File Processing Stats

File Path                          PID  Runtime      # DAGs    # Errors  Last Runtime    Last Run
-------------------------------  -----  ---------  --------  ----------  --------------  -------------------
/opt/airflow/dags/dag_script.py    179  0.00s             0           1  0.12s           2024-07-23T19:03:35
================================================================================
[2024-07-23T19:04:36.536+0000] {manager.py:878} INFO - 
================================================================================
DAG File Processing Stats

File Path                          PID  Runtime      # DAGs    # Errors  Last Runtime    Last Run
-------------------------------  -----  ---------  --------  ----------  --------------  -------------------
/opt/airflow/dags/dag_script.py    190  0.01s             0           1  0.12s           2024-07-23T19:04:06
================================================================================
[2024-07-23T19:05:06.813+0000] {manager.py:878} INFO - 
================================================================================
DAG File Processing Stats

File Path                          PID  Runtime      # DAGs    # Errors  Last Runtime    Last Run
-------------------------------  -----  ---------  --------  ----------  --------------  -------------------
/opt/airflow/dags/dag_script.py    201  0.00s             0           1  0.15s           2024-07-23T19:04:36
================================================================================
[2024-07-23T19:05:37.174+0000] {manager.py:878} INFO - 
================================================================================
DAG File Processing Stats

File Path                          PID  Runtime      # DAGs    # Errors  Last Runtime    Last Run
-------------------------------  -----  ---------  --------  ----------  --------------  -------------------
/opt/airflow/dags/dag_script.py    212  0.00s             0           1  0.11s           2024-07-23T19:05:06
================================================================================
[2024-07-23T19:06:07.526+0000] {manager.py:878} INFO - 
================================================================================
DAG File Processing Stats

File Path                          PID  Runtime      # DAGs    # Errors  Last Runtime    Last Run
-------------------------------  -----  ---------  --------  ----------  --------------  -------------------
/opt/airflow/dags/dag_script.py    224  0.01s             0           1  0.12s           2024-07-23T19:05:37
================================================================================
[2024-07-23T19:06:37.834+0000] {manager.py:878} INFO - 
================================================================================
DAG File Processing Stats

File Path                          PID  Runtime      # DAGs    # Errors  Last Runtime    Last Run
-------------------------------  -----  ---------  --------  ----------  --------------  -------------------
/opt/airflow/dags/dag_script.py    235  0.00s             0           1  0.11s           2024-07-23T19:06:07
================================================================================
[2024-07-23T19:07:08.347+0000] {manager.py:878} INFO - 
================================================================================
DAG File Processing Stats

File Path                        PID    Runtime      # DAGs    # Errors  Last Runtime    Last Run
-------------------------------  -----  ---------  --------  ----------  --------------  -------------------
/opt/airflow/dags/dag_script.py                           0           1  0.13s           2024-07-23T19:06:54
================================================================================
[2024-07-23T19:07:38.773+0000] {manager.py:878} INFO - 
================================================================================
DAG File Processing Stats

File Path                        PID    Runtime      # DAGs    # Errors  Last Runtime    Last Run
-------------------------------  -----  ---------  --------  ----------  --------------  -------------------
/opt/airflow/dags/dag_script.py                           0           1  0.15s           2024-07-23T19:07:24
================================================================================
[2024-07-23T19:08:09.050+0000] {manager.py:878} INFO - 
================================================================================
DAG File Processing Stats

File Path                        PID    Runtime      # DAGs    # Errors  Last Runtime    Last Run
-------------------------------  -----  ---------  --------  ----------  --------------  -------------------
/opt/airflow/dags/dag_script.py                           1           0  0.70s           2024-07-23T19:07:58
================================================================================
[2024-07-23T19:08:36.079+0000] {manager.py:737} INFO - Searching for files in /opt/airflow/dags
[2024-07-23T19:08:36.190+0000] {manager.py:740} INFO - There are 1 files in /opt/airflow/dags
[2024-07-23T19:08:39.238+0000] {manager.py:878} INFO - 
================================================================================
DAG File Processing Stats

File Path                        PID    Runtime      # DAGs    # Errors  Last Runtime    Last Run
-------------------------------  -----  ---------  --------  ----------  --------------  -------------------
/opt/airflow/dags/dag_script.py                           1           0  0.78s           2024-07-23T19:08:29
================================================================================
[2024-07-23T19:09:09.400+0000] {manager.py:878} INFO - 
================================================================================
DAG File Processing Stats

File Path                        PID    Runtime      # DAGs    # Errors  Last Runtime    Last Run
-------------------------------  -----  ---------  --------  ----------  --------------  -------------------
/opt/airflow/dags/dag_script.py                           1           0  0.90s           2024-07-23T19:09:01
================================================================================
[2024-07-23T19:09:39.609+0000] {manager.py:878} INFO - 
================================================================================
DAG File Processing Stats

File Path                        PID    Runtime      # DAGs    # Errors  Last Runtime    Last Run
-------------------------------  -----  ---------  --------  ----------  --------------  -------------------
/opt/airflow/dags/dag_script.py                           1           0  0.92s           2024-07-23T19:09:32
================================================================================
[2024-07-23T19:10:09.629+0000] {manager.py:878} INFO - 
================================================================================
DAG File Processing Stats

File Path                        PID    Runtime      # DAGs    # Errors  Last Runtime    Last Run
-------------------------------  -----  ---------  --------  ----------  --------------  -------------------
/opt/airflow/dags/dag_script.py                           1           0  0.70s           2024-07-23T19:10:03
================================================================================
[2024-07-23T19:10:39.901+0000] {manager.py:878} INFO - 
================================================================================
DAG File Processing Stats

File Path                        PID    Runtime      # DAGs    # Errors  Last Runtime    Last Run
-------------------------------  -----  ---------  --------  ----------  --------------  -------------------
/opt/airflow/dags/dag_script.py                           1           0  0.75s           2024-07-23T19:10:34
================================================================================
[2024-07-23T19:11:10.142+0000] {manager.py:878} INFO - 
================================================================================
DAG File Processing Stats

File Path                        PID    Runtime      # DAGs    # Errors  Last Runtime    Last Run
-------------------------------  -----  ---------  --------  ----------  --------------  -------------------
/opt/airflow/dags/dag_script.py                           1           0  0.62s           2024-07-23T19:11:05
================================================================================
[2024-07-23T19:11:40.435+0000] {manager.py:878} INFO - 
================================================================================
DAG File Processing Stats

File Path                        PID    Runtime      # DAGs    # Errors  Last Runtime    Last Run
-------------------------------  -----  ---------  --------  ----------  --------------  -------------------
/opt/airflow/dags/dag_script.py                           1           0  0.67s           2024-07-23T19:11:36
================================================================================
[2024-07-23T19:12:10.645+0000] {manager.py:878} INFO - 
================================================================================
DAG File Processing Stats

File Path                        PID    Runtime      # DAGs    # Errors  Last Runtime    Last Run
-------------------------------  -----  ---------  --------  ----------  --------------  -------------------
/opt/airflow/dags/dag_script.py                           1           0  0.88s           2024-07-23T19:12:07
================================================================================
[2024-07-23T19:12:40.743+0000] {manager.py:878} INFO - 
================================================================================
DAG File Processing Stats

File Path                        PID    Runtime      # DAGs    # Errors  Last Runtime    Last Run
-------------------------------  -----  ---------  --------  ----------  --------------  -------------------
/opt/airflow/dags/dag_script.py                           1           0  0.74s           2024-07-23T19:12:38
================================================================================
